INFO:root:SupportBank log start!
INFO:root:Poor input:   {

INFO:root:Poor input:     "date": "2013-01-01",

INFO:root:Poor input:     "fromAccount": "Jon A",

INFO:root:Poor input:     "toAccount": "Gergana I",

INFO:root:Poor input:     "narrative": "Sandbox Help",

INFO:root:Poor input:     "amount": 2.14

INFO:root:Poor input:   },

INFO:root:Poor input:   {

INFO:root:Poor input:     "date": "2013-01-04",

INFO:root:Poor input:     "fromAccount": "Chris W",

INFO:root:Poor input:     "toAccount": "Dan W",

INFO:root:Poor input:     "narrative": "Coffee",

INFO:root:Poor input:     "amount": 10.53

INFO:root:Poor input:   },

INFO:root:Poor input:   {

INFO:root:Poor input:     "date": "2013-01-05",

INFO:root:Poor input:     "fromAccount": "Stephen S",

INFO:root:Poor input:     "toAccount": "Tim L",

INFO:root:Poor input:     "narrative": "Sandcastle Help",

INFO:root:Poor input:     "amount": 10.57

INFO:root:Poor input:   },

INFO:root:Poor input:   {

INFO:root:Poor input:     "date": "2013-01-09",

INFO:root:Poor input:     "fromAccount": "Todd",

INFO:root:Poor input:     "toAccount": "Rob S",

INFO:root:Poor input:     "narrative": "Coffee",

INFO:root:Poor input:     "amount": 8.19

INFO:root:Poor input:   },

INFO:root:Poor input:   {

INFO:root:Poor input:     "date": "2013-01-13",

INFO:root:Poor input:     "fromAccount": "Todd",

INFO:root:Poor input:     "toAccount": "Sarah T",

INFO:root:Poor input:     "narrative": "Coffee",

INFO:root:Poor input:     "amount": 1.01

INFO:root:Poor input:   },

INFO:root:Poor input:   {

INFO:root:Poor input:     "date": "2013-01-15",

INFO:root:Poor input:     "fromAccount": "Todd",

INFO:root:Poor input:     "toAccount": "Laura B",

INFO:root:Poor input:     "narrative": "Golf Bets",

INFO:root:Poor input:     "amount": 2.71

INFO:root:Poor input:   },

INFO:root:Poor input:   {

INFO:root:Poor input:     "date": "2013-01-18",

INFO:root:Poor input:     "fromAccount": "Laura B",

INFO:root:Poor input:     "toAccount": "Tim L",

INFO:root:Poor input:     "narrative": "Jenkins Fees",

INFO:root:Poor input:     "amount": 7.17

INFO:root:Poor input:   },

INFO:root:Poor input:   {

INFO:root:Poor input:     "date": "2013-01-22",

INFO:root:Poor input:     "fromAccount": "Dan W",

INFO:root:Poor input:     "toAccount": "Rob S",

INFO:root:Poor input:     "narrative": "Sandcastle Help",

INFO:root:Poor input:     "amount": 11.12

INFO:root:Poor input:   },

INFO:root:Poor input:   {

INFO:root:Poor input:     "date": "2013-01-25",

INFO:root:Poor input:     "fromAccount": "Ben B",

INFO:root:Poor input:     "toAccount": "Jon A",

INFO:root:Poor input:     "narrative": "Coffee",

INFO:root:Poor input:     "amount": 4.86

INFO:root:Poor input:   },

INFO:root:Poor input:   {

INFO:root:Poor input:     "date": "2013-01-28",

INFO:root:Poor input:     "fromAccount": "Stephen S",

INFO:root:Poor input:     "toAccount": "Ben B",

INFO:root:Poor input:     "narrative": "Services Rendered",

INFO:root:Poor input:     "amount": 1.92

INFO:root:Poor input:   },

INFO:root:Poor input:   {

INFO:root:Poor input:     "date": "2013-01-30",

INFO:root:Poor input:     "fromAccount": "Sarah T",

INFO:root:Poor input:     "toAccount": "Todd",

INFO:root:Poor input:     "narrative": "Jenkins Fees",

INFO:root:Poor input:     "amount": 11.95

INFO:root:Poor input:   },

INFO:root:Poor input:   {

INFO:root:Poor input:     "date": "2013-01-31",

INFO:root:Poor input:     "fromAccount": "Sarah T",

INFO:root:Poor input:     "toAccount": "Chris W",

INFO:root:Poor input:     "narrative": "Poker Winnings",

INFO:root:Poor input:     "amount": 7.55

INFO:root:Poor input:   },

INFO:root:Poor input:   {

INFO:root:Poor input:     "date": "2013-02-04",

INFO:root:Poor input:     "fromAccount": "Sam N",

INFO:root:Poor input:     "toAccount": "Sarah T",

INFO:root:Poor input:     "narrative": "Arcade Social",

INFO:root:Poor input:     "amount": 5.52

INFO:root:Poor input:   },

INFO:root:Poor input:   {

INFO:root:Poor input:     "date": "2013-02-06",

INFO:root:Poor input:     "fromAccount": "Dan W",

INFO:root:Poor input:     "toAccount": "Rob S",

INFO:root:Poor input:     "narrative": "Snooker Night",

INFO:root:Poor input:     "amount": 8.07

INFO:root:Poor input:   },

INFO:root:Poor input:   {

INFO:root:Poor input:     "date": "2013-02-07",

INFO:root:Poor input:     "fromAccount": "Rob S",

INFO:root:Poor input:     "toAccount": "Laura B",

INFO:root:Poor input:     "narrative": "Beers",

INFO:root:Poor input:     "amount": 7.63

INFO:root:Poor input:   },

INFO:root:Poor input:   {

INFO:root:Poor input:     "date": "2013-02-10",

INFO:root:Poor input:     "fromAccount": "Stephen S",

INFO:root:Poor input:     "toAccount": "Todd",

INFO:root:Poor input:     "narrative": "Snooker Night",

INFO:root:Poor input:     "amount": 10.4

INFO:root:Poor input:   },

INFO:root:Poor input:   {

INFO:root:Poor input:     "date": "2013-02-12",

INFO:root:Poor input:     "fromAccount": "Ben B",

INFO:root:Poor input:     "toAccount": "Chris W",

INFO:root:Poor input:     "narrative": "Misc Morale",

INFO:root:Poor input:     "amount": 5.76

INFO:root:Poor input:   },

INFO:root:Poor input:   {

INFO:root:Poor input:     "date": "2013-02-15",

INFO:root:Poor input:     "fromAccount": "Sam N",

INFO:root:Poor input:     "toAccount": "Chris W",

INFO:root:Poor input:     "narrative": "Lunch",

INFO:root:Poor input:     "amount": 1.54

INFO:root:Poor input:   },

INFO:root:Poor input:   {

INFO:root:Poor input:     "date": "2013-02-18",

INFO:root:Poor input:     "fromAccount": "Sarah T",

INFO:root:Poor input:     "toAccount": "Sam N",

INFO:root:Poor input:     "narrative": "Coffee",

INFO:root:Poor input:     "amount": 6.98

INFO:root:Poor input:   },

INFO:root:Poor input:   {

INFO:root:Poor input:     "date": "2013-02-22",

INFO:root:Poor input:     "fromAccount": "Chris W",

INFO:root:Poor input:     "toAccount": "Tim L",

INFO:root:Poor input:     "narrative": "Lunch",

INFO:root:Poor input:     "amount": 8.77

INFO:root:Poor input:   },

INFO:root:Poor input:   {

INFO:root:Poor input:     "date": "2013-02-26",

INFO:root:Poor input:     "fromAccount": "Sarah T",

INFO:root:Poor input:     "toAccount": "Stephen S",

INFO:root:Poor input:     "narrative": "Audit and Other Financial Services",

INFO:root:Poor input:     "amount": 5.94

INFO:root:Poor input:   },

INFO:root:Poor input:   {

INFO:root:Poor input:     "date": "2013-02-27",

INFO:root:Poor input:     "fromAccount": "Jon A",

INFO:root:Poor input:     "toAccount": "Chris W",

INFO:root:Poor input:     "narrative": "Rails Consultancy",

INFO:root:Poor input:     "amount": 10.58

INFO:root:Poor input:   },

INFO:root:Poor input:   {

INFO:root:Poor input:     "date": "2013-03-02",

INFO:root:Poor input:     "fromAccount": "Gergana I",

INFO:root:Poor input:     "toAccount": "Stephen S",

INFO:root:Poor input:     "narrative": "Audit and Other Financial Services",

INFO:root:Poor input:     "amount": 1.73

INFO:root:Poor input:   },

INFO:root:Poor input:   {

INFO:root:Poor input:     "date": "2013-03-06",

INFO:root:Poor input:     "fromAccount": "Laura B",

INFO:root:Poor input:     "toAccount": "Sam N",

INFO:root:Poor input:     "narrative": "Stationary Items",

INFO:root:Poor input:     "amount": 7.26

INFO:root:Poor input:   },

INFO:root:Poor input:   {

INFO:root:Poor input:     "date": "2013-03-08",

INFO:root:Poor input:     "fromAccount": "Ben B",

INFO:root:Poor input:     "toAccount": "Sarah T",

INFO:root:Poor input:     "narrative": "Pokemon Training",

INFO:root:Poor input:     "amount": 6.2

INFO:root:Poor input:   },

INFO:root:Poor input:   {

INFO:root:Poor input:     "date": "2013-03-12",

INFO:root:Poor input:     "fromAccount": "Todd",

INFO:root:Poor input:     "toAccount": "Jon A",

INFO:root:Poor input:     "narrative": "Automated Testing Services",

INFO:root:Poor input:     "amount": 0.9

INFO:root:Poor input:   },

INFO:root:Poor input:   {

INFO:root:Poor input:     "date": "2013-03-14",

INFO:root:Poor input:     "fromAccount": "Todd",

INFO:root:Poor input:     "toAccount": "Chris W",

INFO:root:Poor input:     "narrative": "Rails Consultancy",

INFO:root:Poor input:     "amount": 8.97

INFO:root:Poor input:   },

INFO:root:Poor input:   {

INFO:root:Poor input:     "date": "2013-03-17",

INFO:root:Poor input:     "fromAccount": "Dan W",

INFO:root:Poor input:     "toAccount": "Chris W",

INFO:root:Poor input:     "narrative": "Audit and Other Financial Services",

INFO:root:Poor input:     "amount": 3.34

INFO:root:Poor input:   },

INFO:root:Poor input:   {

INFO:root:Poor input:     "date": "2013-03-20",

INFO:root:Poor input:     "fromAccount": "Gergana I",

INFO:root:Poor input:     "toAccount": "Rob S",

INFO:root:Poor input:     "narrative": "Stationary Items",

INFO:root:Poor input:     "amount": 2.85

INFO:root:Poor input:   },

INFO:root:Poor input:   {

INFO:root:Poor input:     "date": "2013-03-22",

INFO:root:Poor input:     "fromAccount": "Chris W",

INFO:root:Poor input:     "toAccount": "Laura B",

INFO:root:Poor input:     "narrative": "Git-Fu Rendered",

INFO:root:Poor input:     "amount": 4.15

INFO:root:Poor input:   },

INFO:root:Poor input:   {

INFO:root:Poor input:     "date": "2013-03-24",

INFO:root:Poor input:     "fromAccount": "Gergana I",

INFO:root:Poor input:     "toAccount": "Stephen S",

INFO:root:Poor input:     "narrative": "Coffee",

INFO:root:Poor input:     "amount": 2.39

INFO:root:Poor input:   },

INFO:root:Poor input:   {

INFO:root:Poor input:     "date": "2013-03-27",

INFO:root:Poor input:     "fromAccount": "Stephen S",

INFO:root:Poor input:     "toAccount": "Dan W",

INFO:root:Poor input:     "narrative": "Jenkins Fees",

INFO:root:Poor input:     "amount": 7.82

INFO:root:Poor input:   },

INFO:root:Poor input:   {

INFO:root:Poor input:     "date": "2013-03-28",

INFO:root:Poor input:     "fromAccount": "Ben B",

INFO:root:Poor input:     "toAccount": "Stephen S",

INFO:root:Poor input:     "narrative": "Sandbox Help",

INFO:root:Poor input:     "amount": 6.36

INFO:root:Poor input:   },

INFO:root:Poor input:   {

INFO:root:Poor input:     "date": "2013-04-01",

INFO:root:Poor input:     "fromAccount": "Rob S",

INFO:root:Poor input:     "toAccount": "Tim L",

INFO:root:Poor input:     "narrative": "Coffee",

INFO:root:Poor input:     "amount": 4.77

INFO:root:Poor input:   },

INFO:root:Poor input:   {

INFO:root:Poor input:     "date": "2013-04-03",

INFO:root:Poor input:     "fromAccount": "Sarah T",

INFO:root:Poor input:     "toAccount": "Stephen S",

INFO:root:Poor input:     "narrative": "Lunch",

INFO:root:Poor input:     "amount": 2.64

INFO:root:Poor input:   },

INFO:root:Poor input:   {

INFO:root:Poor input:     "date": "2013-04-05",

INFO:root:Poor input:     "fromAccount": "Stephen S",

INFO:root:Poor input:     "toAccount": "Chris W",

INFO:root:Poor input:     "narrative": "Coffee",

INFO:root:Poor input:     "amount": 3.4

INFO:root:Poor input:   },

INFO:root:Poor input:   {

INFO:root:Poor input:     "date": "2013-04-08",

INFO:root:Poor input:     "fromAccount": "Tim L",

INFO:root:Poor input:     "toAccount": "Todd",

INFO:root:Poor input:     "narrative": "Jenkins Fees",

INFO:root:Poor input:     "amount": 4.27

INFO:root:Poor input:   },

INFO:root:Poor input:   {

INFO:root:Poor input:     "date": "2013-04-09",

INFO:root:Poor input:     "fromAccount": "Todd",

INFO:root:Poor input:     "toAccount": "Gergana I",

INFO:root:Poor input:     "narrative": "Misc Morale",

INFO:root:Poor input:     "amount": 2.6

INFO:root:Poor input:   },

INFO:root:Poor input:   {

INFO:root:Poor input:     "date": "2013-04-11",

INFO:root:Poor input:     "fromAccount": "Gergana I",

INFO:root:Poor input:     "toAccount": "Sarah T",

INFO:root:Poor input:     "narrative": "Lunch",

INFO:root:Poor input:     "amount": 3

INFO:root:Poor input:   },

INFO:root:Poor input:   {

INFO:root:Poor input:     "date": "2013-04-15",

INFO:root:Poor input:     "fromAccount": "Rob S",

INFO:root:Poor input:     "toAccount": "Chris W",

INFO:root:Poor input:     "narrative": "Coffee",

INFO:root:Poor input:     "amount": 5.49

INFO:root:Poor input:   },

INFO:root:Poor input:   {

INFO:root:Poor input:     "date": "2013-04-18",

INFO:root:Poor input:     "fromAccount": "Gergana I",

INFO:root:Poor input:     "toAccount": "Ben B",

INFO:root:Poor input:     "narrative": "Lunch",

INFO:root:Poor input:     "amount": 9.07

INFO:root:Poor input:   },

INFO:root:Poor input:   {

INFO:root:Poor input:     "date": "2013-04-21",

INFO:root:Poor input:     "fromAccount": "Todd",

INFO:root:Poor input:     "toAccount": "Sarah T",

INFO:root:Poor input:     "narrative": "Sandcastle Help",

INFO:root:Poor input:     "amount": 5.32

INFO:root:Poor input:   },

INFO:root:Poor input:   {

INFO:root:Poor input:     "date": "2013-04-24",

INFO:root:Poor input:     "fromAccount": "Ben B",

INFO:root:Poor input:     "toAccount": "Tim L",

INFO:root:Poor input:     "narrative": "Fantasy Football",

INFO:root:Poor input:     "amount": 1.15

INFO:root:Poor input:   },

INFO:root:Poor input:   {

INFO:root:Poor input:     "date": "2013-04-25",

INFO:root:Poor input:     "fromAccount": "Stephen S",

INFO:root:Poor input:     "toAccount": "Jon A",

INFO:root:Poor input:     "narrative": "Coffee",

INFO:root:Poor input:     "amount": 2.47

INFO:root:Poor input:   },

INFO:root:Poor input:   {

INFO:root:Poor input:     "date": "2013-04-26",

INFO:root:Poor input:     "fromAccount": "Stephen S",

INFO:root:Poor input:     "toAccount": "Jon A",

INFO:root:Poor input:     "narrative": "Misc Morale",

INFO:root:Poor input:     "amount": 9.1

INFO:root:Poor input:   },

INFO:root:Poor input:   {

INFO:root:Poor input:     "date": "2013-04-27",

INFO:root:Poor input:     "fromAccount": "Ben B",

INFO:root:Poor input:     "toAccount": "Chris W",

INFO:root:Poor input:     "narrative": "Rails Consultancy",

INFO:root:Poor input:     "amount": 9.91

INFO:root:Poor input:   },

INFO:root:Poor input:   {

INFO:root:Poor input:     "date": "2013-05-01",

INFO:root:Poor input:     "fromAccount": "Ben B",

INFO:root:Poor input:     "toAccount": "Dan W",

INFO:root:Poor input:     "narrative": "Git-Fu Rendered",

INFO:root:Poor input:     "amount": 9.85

INFO:root:Poor input:   },

INFO:root:Poor input:   {

INFO:root:Poor input:     "date": "2013-05-04",

INFO:root:Poor input:     "fromAccount": "Laura B",

INFO:root:Poor input:     "toAccount": "Dan W",

INFO:root:Poor input:     "narrative": "Coffee",

INFO:root:Poor input:     "amount": 1.34

INFO:root:Poor input:   },

INFO:root:Poor input:   {

INFO:root:Poor input:     "date": "2013-05-05",

INFO:root:Poor input:     "fromAccount": "Sarah T",

INFO:root:Poor input:     "toAccount": "Ben B",

INFO:root:Poor input:     "narrative": "Beers",

INFO:root:Poor input:     "amount": 0.51

INFO:root:Poor input:   },

INFO:root:Poor input:   {

INFO:root:Poor input:     "date": "2013-05-06",

INFO:root:Poor input:     "fromAccount": "Todd",

INFO:root:Poor input:     "toAccount": "Dan W",

INFO:root:Poor input:     "narrative": "Git-Fu Rendered",

INFO:root:Poor input:     "amount": 4.92

INFO:root:Poor input:   },

INFO:root:Poor input:   {

INFO:root:Poor input:     "date": "2013-05-08",

INFO:root:Poor input:     "fromAccount": "Chris W",

INFO:root:Poor input:     "toAccount": "Tim L",

INFO:root:Poor input:     "narrative": "Coffee",

INFO:root:Poor input:     "amount": 5.94

INFO:root:Poor input:   },

INFO:root:Poor input:   {

INFO:root:Poor input:     "date": "2013-05-09",

INFO:root:Poor input:     "fromAccount": "Gergana I",

INFO:root:Poor input:     "toAccount": "Tim L",

INFO:root:Poor input:     "narrative": "White Water Rafting",

INFO:root:Poor input:     "amount": 2.27

INFO:root:Poor input:   },

INFO:root:Poor input:   {

INFO:root:Poor input:     "date": "2013-05-13",

INFO:root:Poor input:     "fromAccount": "Todd",

INFO:root:Poor input:     "toAccount": "Ben B",

INFO:root:Poor input:     "narrative": "Coffee",

INFO:root:Poor input:     "amount": 11.07

INFO:root:Poor input:   },

INFO:root:Poor input:   {

INFO:root:Poor input:     "date": "2013-05-14",

INFO:root:Poor input:     "fromAccount": "Ben B",

INFO:root:Poor input:     "toAccount": "Dan W",

INFO:root:Poor input:     "narrative": "Rails Consultancy",

INFO:root:Poor input:     "amount": 9.96

INFO:root:Poor input:   },

INFO:root:Poor input:   {

INFO:root:Poor input:     "date": "2013-05-18",

INFO:root:Poor input:     "fromAccount": "Laura B",

INFO:root:Poor input:     "toAccount": "Sarah T",

INFO:root:Poor input:     "narrative": "Lunch",

INFO:root:Poor input:     "amount": 11.94

INFO:root:Poor input:   },

INFO:root:Poor input:   {

INFO:root:Poor input:     "date": "2013-05-22",

INFO:root:Poor input:     "fromAccount": "Stephen S",

INFO:root:Poor input:     "toAccount": "Sam N",

INFO:root:Poor input:     "narrative": "Pokemon Training",

INFO:root:Poor input:     "amount": 9.24

INFO:root:Poor input:   },

INFO:root:Poor input:   {

INFO:root:Poor input:     "date": "2013-05-25",

INFO:root:Poor input:     "fromAccount": "Stephen S",

INFO:root:Poor input:     "toAccount": "Chris W",

INFO:root:Poor input:     "narrative": "Sandbox Help",

INFO:root:Poor input:     "amount": 2.85

INFO:root:Poor input:   },

INFO:root:Poor input:   {

INFO:root:Poor input:     "date": "2013-05-29",

INFO:root:Poor input:     "fromAccount": "Stephen S",

INFO:root:Poor input:     "toAccount": "Ben B",

INFO:root:Poor input:     "narrative": "Audit and Other Financial Services",

INFO:root:Poor input:     "amount": 1.51

INFO:root:Poor input:   },

INFO:root:Poor input:   {

INFO:root:Poor input:     "date": "2013-06-02",

INFO:root:Poor input:     "fromAccount": "Todd",

INFO:root:Poor input:     "toAccount": "Ben B",

INFO:root:Poor input:     "narrative": "Golf Bets",

INFO:root:Poor input:     "amount": 11.83

INFO:root:Poor input:   },

INFO:root:Poor input:   {

INFO:root:Poor input:     "date": "2013-06-03",

INFO:root:Poor input:     "fromAccount": "Chris W",

INFO:root:Poor input:     "toAccount": "Rob S",

INFO:root:Poor input:     "narrative": "Lunch",

INFO:root:Poor input:     "amount": 2.16

INFO:root:Poor input:   },

INFO:root:Poor input:   {

INFO:root:Poor input:     "date": "2013-06-05",

INFO:root:Poor input:     "fromAccount": "Rob S",

INFO:root:Poor input:     "toAccount": "Dan W",

INFO:root:Poor input:     "narrative": "Golf Bets",

INFO:root:Poor input:     "amount": 1.96

INFO:root:Poor input:   },

INFO:root:Poor input:   {

INFO:root:Poor input:     "date": "2013-06-06",

INFO:root:Poor input:     "fromAccount": "Todd",

INFO:root:Poor input:     "toAccount": "Jon A",

INFO:root:Poor input:     "narrative": "Pokemon Training",

INFO:root:Poor input:     "amount": 1.06

INFO:root:Poor input:   },

INFO:root:Poor input:   {

INFO:root:Poor input:     "date": "2013-06-10",

INFO:root:Poor input:     "fromAccount": "Sarah T",

INFO:root:Poor input:     "toAccount": "Gergana I",

INFO:root:Poor input:     "narrative": "Lego Assistance",

INFO:root:Poor input:     "amount": 10.81

INFO:root:Poor input:   },

INFO:root:Poor input:   {

INFO:root:Poor input:     "date": "2013-06-12",

INFO:root:Poor input:     "fromAccount": "Jon A",

INFO:root:Poor input:     "toAccount": "Ben B",

INFO:root:Poor input:     "narrative": "Sandcastle Help",

INFO:root:Poor input:     "amount": 6.75

INFO:root:Poor input:   },

INFO:root:Poor input:   {

INFO:root:Poor input:     "date": "2013-06-13",

INFO:root:Poor input:     "fromAccount": "Ben B",

INFO:root:Poor input:     "toAccount": "Sarah T",

INFO:root:Poor input:     "narrative": "Poker Winnings",

INFO:root:Poor input:     "amount": 5.15

INFO:root:Poor input:   },

INFO:root:Poor input:   {

INFO:root:Poor input:     "date": "2013-06-16",

INFO:root:Poor input:     "fromAccount": "Ben B",

INFO:root:Poor input:     "toAccount": "Dan W",

INFO:root:Poor input:     "narrative": "Misc Morale",

INFO:root:Poor input:     "amount": 9.24

INFO:root:Poor input:   },

INFO:root:Poor input:   {

INFO:root:Poor input:     "date": "2013-06-19",

INFO:root:Poor input:     "fromAccount": "Laura B",

INFO:root:Poor input:     "toAccount": "Jon A",

INFO:root:Poor input:     "narrative": "Coffee",

INFO:root:Poor input:     "amount": 3.68

INFO:root:Poor input:   },

INFO:root:Poor input:   {

INFO:root:Poor input:     "date": "2013-06-21",

INFO:root:Poor input:     "fromAccount": "Dan W",

INFO:root:Poor input:     "toAccount": "Todd",

INFO:root:Poor input:     "narrative": "Lunch",

INFO:root:Poor input:     "amount": 5.43

INFO:root:Poor input:   },

INFO:root:Poor input:   {

INFO:root:Poor input:     "date": "2013-06-22",

INFO:root:Poor input:     "fromAccount": "Chris W",

INFO:root:Poor input:     "toAccount": "Tim L",

INFO:root:Poor input:     "narrative": "Stationary Items",

INFO:root:Poor input:     "amount": 0.98

INFO:root:Poor input:   },

INFO:root:Poor input:   {

INFO:root:Poor input:     "date": "2013-06-23",

INFO:root:Poor input:     "fromAccount": "Stephen S",

INFO:root:Poor input:     "toAccount": "Jon A",

INFO:root:Poor input:     "narrative": "Audit and Other Financial Services",

INFO:root:Poor input:     "amount": 6.12

INFO:root:Poor input:   },

INFO:root:Poor input:   {

INFO:root:Poor input:     "date": "2013-06-26",

INFO:root:Poor input:     "fromAccount": "Rob S",

INFO:root:Poor input:     "toAccount": "Sarah T",

INFO:root:Poor input:     "narrative": "Lunch",

INFO:root:Poor input:     "amount": 8.39

INFO:root:Poor input:   },

INFO:root:Poor input:   {

INFO:root:Poor input:     "date": "2013-06-27",

INFO:root:Poor input:     "fromAccount": "Chris W",

INFO:root:Poor input:     "toAccount": "Ben B",

INFO:root:Poor input:     "narrative": "Beers",

INFO:root:Poor input:     "amount": 10.41

INFO:root:Poor input:   },

INFO:root:Poor input:   {

INFO:root:Poor input:     "date": "2013-06-30",

INFO:root:Poor input:     "fromAccount": "Tim L",

INFO:root:Poor input:     "toAccount": "Laura B",

INFO:root:Poor input:     "narrative": "Lunch",

INFO:root:Poor input:     "amount": 6.51

INFO:root:Poor input:   },

INFO:root:Poor input:   {

INFO:root:Poor input:     "date": "2013-07-01",

INFO:root:Poor input:     "fromAccount": "Tim L",

INFO:root:Poor input:     "toAccount": "Jon A",

INFO:root:Poor input:     "narrative": "Misc Morale",

INFO:root:Poor input:     "amount": 1.48

INFO:root:Poor input:   },

INFO:root:Poor input:   {

INFO:root:Poor input:     "date": "2013-07-04",

INFO:root:Poor input:     "fromAccount": "Tim L",

INFO:root:Poor input:     "toAccount": "Chris W",

INFO:root:Poor input:     "narrative": "Poker Winnings",

INFO:root:Poor input:     "amount": 5.63

INFO:root:Poor input:   },

INFO:root:Poor input:   {

INFO:root:Poor input:     "date": "2013-07-05",

INFO:root:Poor input:     "fromAccount": "Stephen S",

INFO:root:Poor input:     "toAccount": "Sam N",

INFO:root:Poor input:     "narrative": "Lunch",

INFO:root:Poor input:     "amount": 6.73

INFO:root:Poor input:   },

INFO:root:Poor input:   {

INFO:root:Poor input:     "date": "2013-07-07",

INFO:root:Poor input:     "fromAccount": "Jon A",

INFO:root:Poor input:     "toAccount": "Rob S",

INFO:root:Poor input:     "narrative": "Lunch",

INFO:root:Poor input:     "amount": 6.69

INFO:root:Poor input:   },

INFO:root:Poor input:   {

INFO:root:Poor input:     "date": "2013-07-10",

INFO:root:Poor input:     "fromAccount": "Dan W",

INFO:root:Poor input:     "toAccount": "Sarah T",

INFO:root:Poor input:     "narrative": "Lunch",

INFO:root:Poor input:     "amount": 3.88

INFO:root:Poor input:   },

INFO:root:Poor input:   {

INFO:root:Poor input:     "date": "2013-07-13",

INFO:root:Poor input:     "fromAccount": "Chris W",

INFO:root:Poor input:     "toAccount": "Tim L",

INFO:root:Poor input:     "narrative": "Misc Morale",

INFO:root:Poor input:     "amount": 2.08

INFO:root:Poor input:   },

INFO:root:Poor input:   {

INFO:root:Poor input:     "date": "2013-07-16",

INFO:root:Poor input:     "fromAccount": "Stephen S",

INFO:root:Poor input:     "toAccount": "Gergana I",

INFO:root:Poor input:     "narrative": "Coffee",

INFO:root:Poor input:     "amount": 6.95

INFO:root:Poor input:   },

INFO:root:Poor input:   {

INFO:root:Poor input:     "date": "2013-07-19",

INFO:root:Poor input:     "fromAccount": "Dan W",

INFO:root:Poor input:     "toAccount": "Stephen S",

INFO:root:Poor input:     "narrative": "Arcade Social",

INFO:root:Poor input:     "amount": 3.21

INFO:root:Poor input:   },

INFO:root:Poor input:   {

INFO:root:Poor input:     "date": "2013-07-23",

INFO:root:Poor input:     "fromAccount": "Sarah T",

INFO:root:Poor input:     "toAccount": "Stephen S",

INFO:root:Poor input:     "narrative": "Services Rendered",

INFO:root:Poor input:     "amount": 11.17

INFO:root:Poor input:   },

INFO:root:Poor input:   {

INFO:root:Poor input:     "date": "2013-07-27",

INFO:root:Poor input:     "fromAccount": "Ben B",

INFO:root:Poor input:     "toAccount": "Tim L",

INFO:root:Poor input:     "narrative": "Coffee",

INFO:root:Poor input:     "amount": 4.29

INFO:root:Poor input:   },

INFO:root:Poor input:   {

INFO:root:Poor input:     "date": "2013-07-30",

INFO:root:Poor input:     "fromAccount": "Ben B",

INFO:root:Poor input:     "toAccount": "Todd",

INFO:root:Poor input:     "narrative": "Beers",

INFO:root:Poor input:     "amount": 0.69

INFO:root:Poor input:   },

INFO:root:Poor input:   {

INFO:root:Poor input:     "date": "2013-07-31",

INFO:root:Poor input:     "fromAccount": "Dan W",

INFO:root:Poor input:     "toAccount": "Sam N",

INFO:root:Poor input:     "narrative": "Pokemon Training",

INFO:root:Poor input:     "amount": 1.2

INFO:root:Poor input:   },

INFO:root:Poor input:   {

INFO:root:Poor input:     "date": "2013-08-01",

INFO:root:Poor input:     "fromAccount": "Ben B",

INFO:root:Poor input:     "toAccount": "Todd",

INFO:root:Poor input:     "narrative": "Lunch",

INFO:root:Poor input:     "amount": 11.18

INFO:root:Poor input:   },

INFO:root:Poor input:   {

INFO:root:Poor input:     "date": "2013-08-05",

INFO:root:Poor input:     "fromAccount": "Laura B",

INFO:root:Poor input:     "toAccount": "Tim L",

INFO:root:Poor input:     "narrative": "Jenkins Fees",

INFO:root:Poor input:     "amount": 11.34

INFO:root:Poor input:   },

INFO:root:Poor input:   {

INFO:root:Poor input:     "date": "2013-08-07",

INFO:root:Poor input:     "fromAccount": "Jon A",

INFO:root:Poor input:     "toAccount": "Rob S",

INFO:root:Poor input:     "narrative": "Poker Winnings",

INFO:root:Poor input:     "amount": 10.78

INFO:root:Poor input:   },

INFO:root:Poor input:   {

INFO:root:Poor input:     "date": "2013-08-08",

INFO:root:Poor input:     "fromAccount": "Gergana I",

INFO:root:Poor input:     "toAccount": "Stephen S",

INFO:root:Poor input:     "narrative": "Lunch",

INFO:root:Poor input:     "amount": 10.07

INFO:root:Poor input:   },

INFO:root:Poor input:   {

INFO:root:Poor input:     "date": "2013-08-11",

INFO:root:Poor input:     "fromAccount": "Stephen S",

INFO:root:Poor input:     "toAccount": "Chris W",

INFO:root:Poor input:     "narrative": "Lunch",

INFO:root:Poor input:     "amount": 7.27

INFO:root:Poor input:   },

INFO:root:Poor input:   {

INFO:root:Poor input:     "date": "2013-08-13",

INFO:root:Poor input:     "fromAccount": "Gergana I",

INFO:root:Poor input:     "toAccount": "Chris W",

INFO:root:Poor input:     "narrative": "Sandcastle Help",

INFO:root:Poor input:     "amount": 9.96

INFO:root:Poor input:   },

INFO:root:Poor input:   {

INFO:root:Poor input:     "date": "2013-08-16",

INFO:root:Poor input:     "fromAccount": "Gergana I",

INFO:root:Poor input:     "toAccount": "Ben B",

INFO:root:Poor input:     "narrative": "Misc Morale",

INFO:root:Poor input:     "amount": 10.91

INFO:root:Poor input:   },

INFO:root:Poor input:   {

INFO:root:Poor input:     "date": "2013-08-19",

INFO:root:Poor input:     "fromAccount": "Tim L",

INFO:root:Poor input:     "toAccount": "Sam N",

INFO:root:Poor input:     "narrative": "Coffee",

INFO:root:Poor input:     "amount": 7.51

INFO:root:Poor input:   },

INFO:root:Poor input:   {

INFO:root:Poor input:     "date": "2013-08-22",

INFO:root:Poor input:     "fromAccount": "Sarah T",

INFO:root:Poor input:     "toAccount": "Laura B",

INFO:root:Poor input:     "narrative": "Misc Morale",

INFO:root:Poor input:     "amount": 7.05

INFO:root:Poor input:   },

INFO:root:Poor input:   {

INFO:root:Poor input:     "date": "2013-08-23",

INFO:root:Poor input:     "fromAccount": "Todd",

INFO:root:Poor input:     "toAccount": "Sam N",

INFO:root:Poor input:     "narrative": "Beers",

INFO:root:Poor input:     "amount": 0.6

INFO:root:Poor input:   },

INFO:root:Poor input:   {

INFO:root:Poor input:     "date": "2013-08-26",

INFO:root:Poor input:     "fromAccount": "Todd",

INFO:root:Poor input:     "toAccount": "Rob S",

INFO:root:Poor input:     "narrative": "Lunch",

INFO:root:Poor input:     "amount": 3.85

INFO:root:Poor input:   },

INFO:root:Poor input:   {

INFO:root:Poor input:     "date": "2013-08-27",

INFO:root:Poor input:     "fromAccount": "Sam N",

INFO:root:Poor input:     "toAccount": "Gergana I",

INFO:root:Poor input:     "narrative": "Fantasy Football",

INFO:root:Poor input:     "amount": 5.45

INFO:root:Poor input:   },

INFO:root:Poor input:   {

INFO:root:Poor input:     "date": "2013-08-28",

INFO:root:Poor input:     "fromAccount": "Rob S",

INFO:root:Poor input:     "toAccount": "Chris W",

INFO:root:Poor input:     "narrative": "Jenkins Fees",

INFO:root:Poor input:     "amount": 11.13

INFO:root:Poor input:   },

INFO:root:Poor input:   {

INFO:root:Poor input:     "date": "2013-08-31",

INFO:root:Poor input:     "fromAccount": "Gergana I",

INFO:root:Poor input:     "toAccount": "Laura B",

INFO:root:Poor input:     "narrative": "Pokemon Training",

INFO:root:Poor input:     "amount": 5.54

INFO:root:Poor input:   },

INFO:root:Poor input:   {

INFO:root:Poor input:     "date": "2013-09-03",

INFO:root:Poor input:     "fromAccount": "Chris W",

INFO:root:Poor input:     "toAccount": "Ben B",

INFO:root:Poor input:     "narrative": "Coffee",

INFO:root:Poor input:     "amount": 9.48

INFO:root:Poor input:   },

INFO:root:Poor input:   {

INFO:root:Poor input:     "date": "2013-09-05",

INFO:root:Poor input:     "fromAccount": "Dan W",

INFO:root:Poor input:     "toAccount": "Tim L",

INFO:root:Poor input:     "narrative": "Lunch",

INFO:root:Poor input:     "amount": 10.58

INFO:root:Poor input:   },

INFO:root:Poor input:   {

INFO:root:Poor input:     "date": "2013-09-07",

INFO:root:Poor input:     "fromAccount": "Rob S",

INFO:root:Poor input:     "toAccount": "Laura B",

INFO:root:Poor input:     "narrative": "Lunch",

INFO:root:Poor input:     "amount": 3.32

INFO:root:Poor input:   },

INFO:root:Poor input:   {

INFO:root:Poor input:     "date": "2013-09-10",

INFO:root:Poor input:     "fromAccount": "Tim L",

INFO:root:Poor input:     "toAccount": "Ben B",

INFO:root:Poor input:     "narrative": "Misc Morale",

INFO:root:Poor input:     "amount": 8.68

INFO:root:Poor input:   },

INFO:root:Poor input:   {

INFO:root:Poor input:     "date": "2013-09-12",

INFO:root:Poor input:     "fromAccount": "Tim L",

INFO:root:Poor input:     "toAccount": "Laura B",

INFO:root:Poor input:     "narrative": "Lego Assistance",

INFO:root:Poor input:     "amount": 2.53

INFO:root:Poor input:   },

INFO:root:Poor input:   {

INFO:root:Poor input:     "date": "2013-09-13",

INFO:root:Poor input:     "fromAccount": "Stephen S",

INFO:root:Poor input:     "toAccount": "Laura B",

INFO:root:Poor input:     "narrative": "Services Rendered",

INFO:root:Poor input:     "amount": 1.96

INFO:root:Poor input:   },

INFO:root:Poor input:   {

INFO:root:Poor input:     "date": "2013-09-16",

INFO:root:Poor input:     "fromAccount": "Sam N",

INFO:root:Poor input:     "toAccount": "Rob S",

INFO:root:Poor input:     "narrative": "Beers",

INFO:root:Poor input:     "amount": 2.81

INFO:root:Poor input:   },

INFO:root:Poor input:   {

INFO:root:Poor input:     "date": "2013-09-19",

INFO:root:Poor input:     "fromAccount": "Ben B",

INFO:root:Poor input:     "toAccount": "Gergana I",

INFO:root:Poor input:     "narrative": "Beers",

INFO:root:Poor input:     "amount": 5.52

INFO:root:Poor input:   },

INFO:root:Poor input:   {

INFO:root:Poor input:     "date": "2013-09-22",

INFO:root:Poor input:     "fromAccount": "Stephen S",

INFO:root:Poor input:     "toAccount": "Dan W",

INFO:root:Poor input:     "narrative": "Sandbox Help",

INFO:root:Poor input:     "amount": 9.28

INFO:root:Poor input:   },

INFO:root:Poor input:   {

INFO:root:Poor input:     "date": "2013-09-23",

INFO:root:Poor input:     "fromAccount": "Stephen S",

INFO:root:Poor input:     "toAccount": "Dan W",

INFO:root:Poor input:     "narrative": "Coffee",

INFO:root:Poor input:     "amount": 5.13

INFO:root:Poor input:   },

INFO:root:Poor input:   {

INFO:root:Poor input:     "date": "2013-09-27",

INFO:root:Poor input:     "fromAccount": "Chris W",

INFO:root:Poor input:     "toAccount": "Sarah T",

INFO:root:Poor input:     "narrative": "Stationary Items",

INFO:root:Poor input:     "amount": 7.05

INFO:root:Poor input:   },

INFO:root:Poor input:   {

INFO:root:Poor input:     "date": "2013-10-01",

INFO:root:Poor input:     "fromAccount": "Todd",

INFO:root:Poor input:     "toAccount": "Tim L",

INFO:root:Poor input:     "narrative": "Coffee",

INFO:root:Poor input:     "amount": 10.13

INFO:root:Poor input:   },

INFO:root:Poor input:   {

INFO:root:Poor input:     "date": "2013-10-04",

INFO:root:Poor input:     "fromAccount": "Chris W",

INFO:root:Poor input:     "toAccount": "Ben B",

INFO:root:Poor input:     "narrative": "Coffee",

INFO:root:Poor input:     "amount": 5.96

INFO:root:Poor input:   },

INFO:root:Poor input:   {

INFO:root:Poor input:     "date": "2013-10-08",

INFO:root:Poor input:     "fromAccount": "Gergana I",

INFO:root:Poor input:     "toAccount": "Laura B",

INFO:root:Poor input:     "narrative": "Lunch",

INFO:root:Poor input:     "amount": 5.33

INFO:root:Poor input:   },

INFO:root:Poor input:   {

INFO:root:Poor input:     "date": "2013-10-11",

INFO:root:Poor input:     "fromAccount": "Todd",

INFO:root:Poor input:     "toAccount": "Rob S",

INFO:root:Poor input:     "narrative": "Lunch",

INFO:root:Poor input:     "amount": 10.62

INFO:root:Poor input:   },

INFO:root:Poor input:   {

INFO:root:Poor input:     "date": "2013-10-12",

INFO:root:Poor input:     "fromAccount": "Ben B",

INFO:root:Poor input:     "toAccount": "Chris W",

INFO:root:Poor input:     "narrative": "Jenkins Fees",

INFO:root:Poor input:     "amount": 7.78

INFO:root:Poor input:   },

INFO:root:Poor input:   {

INFO:root:Poor input:     "date": "2013-10-16",

INFO:root:Poor input:     "fromAccount": "Laura B",

INFO:root:Poor input:     "toAccount": "Rob S",

INFO:root:Poor input:     "narrative": "Arcade Social",

INFO:root:Poor input:     "amount": 5.71

INFO:root:Poor input:   },

INFO:root:Poor input:   {

INFO:root:Poor input:     "date": "2013-10-17",

INFO:root:Poor input:     "fromAccount": "Laura B",

INFO:root:Poor input:     "toAccount": "Jon A",

INFO:root:Poor input:     "narrative": "Arcade Social",

INFO:root:Poor input:     "amount": 7.71

INFO:root:Poor input:   },

INFO:root:Poor input:   {

INFO:root:Poor input:     "date": "2013-10-20",

INFO:root:Poor input:     "fromAccount": "Sam N",

INFO:root:Poor input:     "toAccount": "Sarah T",

INFO:root:Poor input:     "narrative": "Lunch",

INFO:root:Poor input:     "amount": 10.6

INFO:root:Poor input:   },

INFO:root:Poor input:   {

INFO:root:Poor input:     "date": "2013-10-23",

INFO:root:Poor input:     "fromAccount": "Chris W",

INFO:root:Poor input:     "toAccount": "Todd",

INFO:root:Poor input:     "narrative": "Lego Assistance",

INFO:root:Poor input:     "amount": 3.42

INFO:root:Poor input:   },

INFO:root:Poor input:   {

INFO:root:Poor input:     "date": "2013-10-27",

INFO:root:Poor input:     "fromAccount": "Sam N",

INFO:root:Poor input:     "toAccount": "Dan W",

INFO:root:Poor input:     "narrative": "Misc Morale",

INFO:root:Poor input:     "amount": 6.89

INFO:root:Poor input:   },

INFO:root:Poor input:   {

INFO:root:Poor input:     "date": "2013-10-29",

INFO:root:Poor input:     "fromAccount": "Dan W",

INFO:root:Poor input:     "toAccount": "Rob S",

INFO:root:Poor input:     "narrative": "Misc Morale",

INFO:root:Poor input:     "amount": 9.99

INFO:root:Poor input:   },

INFO:root:Poor input:   {

INFO:root:Poor input:     "date": "2013-11-01",

INFO:root:Poor input:     "fromAccount": "Sarah T",

INFO:root:Poor input:     "toAccount": "Laura B",

INFO:root:Poor input:     "narrative": "Lunch",

INFO:root:Poor input:     "amount": 7.01

INFO:root:Poor input:   },

INFO:root:Poor input:   {

INFO:root:Poor input:     "date": "2013-11-05",

INFO:root:Poor input:     "fromAccount": "Stephen S",

INFO:root:Poor input:     "toAccount": "Rob S",

INFO:root:Poor input:     "narrative": "Spline Reticulation",

INFO:root:Poor input:     "amount": 8.3

INFO:root:Poor input:   },

INFO:root:Poor input:   {

INFO:root:Poor input:     "date": "2013-11-07",

INFO:root:Poor input:     "fromAccount": "Ben B",

INFO:root:Poor input:     "toAccount": "Sarah T",

INFO:root:Poor input:     "narrative": "Lunch",

INFO:root:Poor input:     "amount": 10.09

INFO:root:Poor input:   },

INFO:root:Poor input:   {

INFO:root:Poor input:     "date": "2013-11-09",

INFO:root:Poor input:     "fromAccount": "Rob S",

INFO:root:Poor input:     "toAccount": "Tim L",

INFO:root:Poor input:     "narrative": "Stationary Items",

INFO:root:Poor input:     "amount": 11

INFO:root:Poor input:   },

INFO:root:Poor input:   {

INFO:root:Poor input:     "date": "2013-11-12",

INFO:root:Poor input:     "fromAccount": "Rob S",

INFO:root:Poor input:     "toAccount": "Sam N",

INFO:root:Poor input:     "narrative": "Misc Morale",

INFO:root:Poor input:     "amount": 1.25

INFO:root:Poor input:   },

INFO:root:Poor input:   {

INFO:root:Poor input:     "date": "2013-11-15",

INFO:root:Poor input:     "fromAccount": "Jon A",

INFO:root:Poor input:     "toAccount": "Tim L",

INFO:root:Poor input:     "narrative": "Sandbox Help",

INFO:root:Poor input:     "amount": 9.13

INFO:root:Poor input:   },

INFO:root:Poor input:   {

INFO:root:Poor input:     "date": "2013-11-18",

INFO:root:Poor input:     "fromAccount": "Rob S",

INFO:root:Poor input:     "toAccount": "Dan W",

INFO:root:Poor input:     "narrative": "Services Rendered",

INFO:root:Poor input:     "amount": 9.4

INFO:root:Poor input:   },

INFO:root:Poor input:   {

INFO:root:Poor input:     "date": "2013-11-21",

INFO:root:Poor input:     "fromAccount": "Stephen S",

INFO:root:Poor input:     "toAccount": "Chris W",

INFO:root:Poor input:     "narrative": "Misc Morale",

INFO:root:Poor input:     "amount": 2.53

INFO:root:Poor input:   },

INFO:root:Poor input:   {

INFO:root:Poor input:     "date": "2013-11-24",

INFO:root:Poor input:     "fromAccount": "Tim L",

INFO:root:Poor input:     "toAccount": "Sam N",

INFO:root:Poor input:     "narrative": "Rails Consultancy",

INFO:root:Poor input:     "amount": 7.59

INFO:root:Poor input:   },

INFO:root:Poor input:   {

INFO:root:Poor input:     "date": "2013-11-28",

INFO:root:Poor input:     "fromAccount": "Ben B",

INFO:root:Poor input:     "toAccount": "Todd",

INFO:root:Poor input:     "narrative": "Golf Bets",

INFO:root:Poor input:     "amount": 2.15

INFO:root:Poor input:   },

INFO:root:Poor input:   {

INFO:root:Poor input:     "date": "2013-11-29",

INFO:root:Poor input:     "fromAccount": "Ben B",

INFO:root:Poor input:     "toAccount": "Sam N",

INFO:root:Poor input:     "narrative": "Pokemon Training",

INFO:root:Poor input:     "amount": 4.01

INFO:root:Poor input:   },

INFO:root:Poor input:   {

INFO:root:Poor input:     "date": "2013-12-01",

INFO:root:Poor input:     "fromAccount": "Sam N",

INFO:root:Poor input:     "toAccount": "Sarah T",

INFO:root:Poor input:     "narrative": "Lunch",

INFO:root:Poor input:     "amount": 6.35

INFO:root:Poor input:   },

INFO:root:Poor input:   {

INFO:root:Poor input:     "date": "2013-12-02",

INFO:root:Poor input:     "fromAccount": "Jon A",

INFO:root:Poor input:     "toAccount": "Todd",

INFO:root:Poor input:     "narrative": "Misc Morale",

INFO:root:Poor input:     "amount": 10.19

INFO:root:Poor input:   },

INFO:root:Poor input:   {

INFO:root:Poor input:     "date": "2013-12-05",

INFO:root:Poor input:     "fromAccount": "Ben B",

INFO:root:Poor input:     "toAccount": "Sam N",

INFO:root:Poor input:     "narrative": "Coffee",

INFO:root:Poor input:     "amount": 9

INFO:root:Poor input:   },

INFO:root:Poor input:   {

INFO:root:Poor input:     "date": "2013-12-09",

INFO:root:Poor input:     "fromAccount": "Laura B",

INFO:root:Poor input:     "toAccount": "Tim L",

INFO:root:Poor input:     "narrative": "Rails Consultancy",

INFO:root:Poor input:     "amount": 9.39

INFO:root:Poor input:   },

INFO:root:Poor input:   {

INFO:root:Poor input:     "date": "2013-12-12",

INFO:root:Poor input:     "fromAccount": "Chris W",

INFO:root:Poor input:     "toAccount": "Tim L",

INFO:root:Poor input:     "narrative": "Coffee",

INFO:root:Poor input:     "amount": 11.44

INFO:root:Poor input:   },

INFO:root:Poor input:   {

INFO:root:Poor input:     "date": "2013-12-13",

INFO:root:Poor input:     "fromAccount": "Rob S",

INFO:root:Poor input:     "toAccount": "Tim L",

INFO:root:Poor input:     "narrative": "Misc Morale",

INFO:root:Poor input:     "amount": 9.19

INFO:root:Poor input:   },

INFO:root:Poor input:   {

INFO:root:Poor input:     "date": "2013-12-17",

INFO:root:Poor input:     "fromAccount": "Sarah T",

INFO:root:Poor input:     "toAccount": "Ben B",

INFO:root:Poor input:     "narrative": "Pokemon Training",

INFO:root:Poor input:     "amount": 8.72

INFO:root:Poor input:   },

INFO:root:Poor input:   {

INFO:root:Poor input:     "date": "2013-12-19",

INFO:root:Poor input:     "fromAccount": "Todd",

INFO:root:Poor input:     "toAccount": "Ben B",

INFO:root:Poor input:     "narrative": "Pokemon Training",

INFO:root:Poor input:     "amount": 8.72

INFO:root:Poor input:   },

INFO:root:Poor input:   {

INFO:root:Poor input:     "date": "2013-12-22",

INFO:root:Poor input:     "fromAccount": "Gergana I",

INFO:root:Poor input:     "toAccount": "Sam N",

INFO:root:Poor input:     "narrative": "Lunch",

INFO:root:Poor input:     "amount": 1.32

INFO:root:Poor input:   },

INFO:root:Poor input:   {

INFO:root:Poor input:     "date": "2013-12-24",

INFO:root:Poor input:     "fromAccount": "Ben B",

INFO:root:Poor input:     "toAccount": "Rob S",

INFO:root:Poor input:     "narrative": "Snooker Night",

INFO:root:Poor input:     "amount": 10.14

INFO:root:Poor input:   },

INFO:root:Poor input:   {

INFO:root:Poor input:     "date": "2013-12-27",

INFO:root:Poor input:     "fromAccount": "Stephen S",

INFO:root:Poor input:     "toAccount": "Todd",

INFO:root:Poor input:     "narrative": "Spline Reticulation",

INFO:root:Poor input:     "amount": 4.34

INFO:root:Poor input:   },

INFO:root:Poor input:   {

INFO:root:Poor input:     "date": "2013-12-28",

INFO:root:Poor input:     "fromAccount": "Jon A",

INFO:root:Poor input:     "toAccount": "Chris W",

INFO:root:Poor input:     "narrative": "Beers",

INFO:root:Poor input:     "amount": 5.99

INFO:root:Poor input:   },

INFO:root:Poor input:   {

INFO:root:Poor input:     "date": "2013-12-30",

INFO:root:Poor input:     "fromAccount": "Rob S",

INFO:root:Poor input:     "toAccount": "Sam N",

INFO:root:Poor input:     "narrative": "Misc Morale",

INFO:root:Poor input:     "amount": 2.54

INFO:root:Poor input:   }

INFO:root:Poor input: ]
